<?xml version="1.0" encoding="UTF-8"?>
<testng-results skipped="0" failed="0" ignored="0" total="1" passed="1">
  <reporter-output>
  </reporter-output>
  <suite name="Default suite" duration-ms="26234" started-at="2019-01-26T22:57:03Z" finished-at="2019-01-26T22:57:29Z">
    <groups>
    </groups>
    <test name="Default test" duration-ms="26234" started-at="2019-01-26T22:57:03Z" finished-at="2019-01-26T22:57:29Z">
      <class name="com.cleartrip.qa.testcases.SignInPageTest">
        <test-method status="PASS" signature="setUp()[pri:0, instance:com.cleartrip.qa.testcases.SignInPageTest@42d80b78]" name="setUp" is-config="true" duration-ms="19740" started-at="2019-01-26T22:57:03Z" finished-at="2019-01-26T22:57:23Z">
          <reporter-output>
          </reporter-output>
        </test-method> <!-- setUp -->
        <test-method status="PASS" signature="errorTest()[pri:0, instance:com.cleartrip.qa.testcases.SignInPageTest@42d80b78]" name="errorTest" duration-ms="5543" started-at="2019-01-26T22:57:23Z" finished-at="2019-01-26T22:57:28Z">
          <reporter-output>
          </reporter-output>
        </test-method> <!-- errorTest -->
        <test-method status="PASS" signature="tearDown()[pri:0, instance:com.cleartrip.qa.testcases.SignInPageTest@42d80b78]" name="tearDown" is-config="true" duration-ms="887" started-at="2019-01-26T22:57:28Z" finished-at="2019-01-26T22:57:29Z">
          <reporter-output>
          </reporter-output>
        </test-method> <!-- tearDown -->
      </class> <!-- com.cleartrip.qa.testcases.SignInPageTest -->
    </test> <!-- Default test -->
  </suite> <!-- Default suite -->
</testng-results>
